[debug] [2023-02-23T09:52:10.093Z] ----------------------------------------------------------------------
[debug] [2023-02-23T09:52:10.094Z] Command:       C:\Program Files\nodejs\node.exe C:\Users\gorce\AppData\Roaming\npm\node_modules\firebase-tools\lib\bin\firebase.js deploy
[debug] [2023-02-23T09:52:10.095Z] CLI Version:   11.23.1
[debug] [2023-02-23T09:52:10.095Z] Platform:      win32
[debug] [2023-02-23T09:52:10.095Z] Node Version:  v16.17.0
[debug] [2023-02-23T09:52:10.096Z] Time:          Thu Feb 23 2023 10:52:10 GMT+0100 (Central European Standard Time)
[debug] [2023-02-23T09:52:10.096Z] ----------------------------------------------------------------------
[debug] 
[debug] [2023-02-23T09:52:10.154Z] > command requires scopes: ["email","openid","https://www.googleapis.com/auth/cloudplatformprojects.readonly","https://www.googleapis.com/auth/firebase","https://www.googleapis.com/auth/cloud-platform"]
[debug] [2023-02-23T09:52:10.154Z] > authorizing via signed-in user (gorcevichamza76@gmail.com)
[debug] [2023-02-23T09:52:10.154Z] [iam] checking project marvel-59d65 for permissions ["firebase.projects.get","firebasehosting.sites.update"]
[debug] [2023-02-23T09:52:10.156Z] >>> [apiv2][query] POST https://cloudresourcemanager.googleapis.com/v1/projects/marvel-59d65:testIamPermissions [none]
[debug] [2023-02-23T09:52:10.156Z] >>> [apiv2][(partial)header] POST https://cloudresourcemanager.googleapis.com/v1/projects/marvel-59d65:testIamPermissions x-goog-quota-user=projects/marvel-59d65
[debug] [2023-02-23T09:52:10.156Z] >>> [apiv2][body] POST https://cloudresourcemanager.googleapis.com/v1/projects/marvel-59d65:testIamPermissions {"permissions":["firebase.projects.get","firebasehosting.sites.update"]}
[debug] [2023-02-23T09:52:11.370Z] <<< [apiv2][status] POST https://cloudresourcemanager.googleapis.com/v1/projects/marvel-59d65:testIamPermissions 200
[debug] [2023-02-23T09:52:11.370Z] <<< [apiv2][body] POST https://cloudresourcemanager.googleapis.com/v1/projects/marvel-59d65:testIamPermissions {"permissions":["firebase.projects.get","firebasehosting.sites.update"]}
[debug] [2023-02-23T09:52:11.372Z] >>> [apiv2][query] GET https://firebase.googleapis.com/v1beta1/projects/marvel-59d65 [none]
[debug] [2023-02-23T09:52:12.029Z] <<< [apiv2][status] GET https://firebase.googleapis.com/v1beta1/projects/marvel-59d65 200
[debug] [2023-02-23T09:52:12.030Z] <<< [apiv2][body] GET https://firebase.googleapis.com/v1beta1/projects/marvel-59d65 {"projectId":"marvel-59d65","projectNumber":"986085630110","displayName":"Marvel","name":"projects/marvel-59d65","resources":{"hostingSite":"marvel-59d65"},"state":"ACTIVE","etag":"1_54d498d8-05b8-48e2-9d94-622a05d9076a"}
[info] 
[info] === Deploying to 'marvel-59d65'...
[info] 
[info] i  deploying hosting 
[debug] [2023-02-23T09:52:12.044Z] >>> [apiv2][query] POST https://firebasehosting.googleapis.com/v1beta1/projects/-/sites/marvel-59d65/versions [none]
[debug] [2023-02-23T09:52:12.044Z] >>> [apiv2][body] POST https://firebasehosting.googleapis.com/v1beta1/projects/-/sites/marvel-59d65/versions {"status":"CREATED","labels":{"deployment-tool":"cli-firebase"}}
[debug] [2023-02-23T09:52:13.861Z] <<< [apiv2][status] POST https://firebasehosting.googleapis.com/v1beta1/projects/-/sites/marvel-59d65/versions 200
[debug] [2023-02-23T09:52:13.862Z] <<< [apiv2][body] POST https://firebasehosting.googleapis.com/v1beta1/projects/-/sites/marvel-59d65/versions {"name":"projects/986085630110/sites/marvel-59d65/versions/3f8a63625a2272d0","status":"CREATED","config":{},"labels":{"deployment-tool":"cli-firebase"}}
[info] i  hosting[marvel-59d65]: beginning deploy... 
[info] i  hosting[marvel-59d65]: found 14 files in build 
[debug] [2023-02-23T09:52:13.878Z] [hosting] uploading with 200 concurrency
[debug] [2023-02-23T09:52:13.887Z] [hosting] hash cache [YnVpbGQ] stored for 14 files
[debug] [2023-02-23T09:52:13.887Z] [hosting][hash queue][FINAL] {"max":2,"min":0,"avg":0,"active":0,"complete":14,"success":14,"errored":0,"retried":0,"total":14,"elapsed":5}
[debug] [2023-02-23T09:52:13.888Z] >>> [apiv2][query] POST https://firebasehosting.googleapis.com/v1beta1/projects/986085630110/sites/marvel-59d65/versions/3f8a63625a2272d0:populateFiles [none]
[debug] [2023-02-23T09:52:13.888Z] >>> [apiv2][body] POST https://firebasehosting.googleapis.com/v1beta1/projects/986085630110/sites/marvel-59d65/versions/3f8a63625a2272d0:populateFiles {"files":{"/404.html":"daa499dd96d8229e73235345702ba32f0793f0c8e5c0d30e40e37a5872be57aa","/asset-manifest.json":"2dac24b5c0fa8bcf5a442d73aa752388d8c9af45c423ba4e43fb58da73cec4ca","/favicon.ico":"eae62e993eb980ec8a25058c39d5a51feab118bd2100c4deebb2a9c158ec11f9","/index.html":"cc319a2e0d9088d45ea530cc44b676bab40409b41d760fbe94cd78a5e02466b9","/manifest.json":"aff3449bdc238776f5d6d967f19ec491b36aed5fb7f23ccff6500736fd58494a","/robots.txt":"bfe106a3fb878dc83461c86818bf74fc1bdc7f28538ba613cd3e775516ce8b49","/static/css/main.bbb524df.css":"43caae3a0e03bf8ac86a627c30aeb05cefdd6a01a0e05911829d48b818a36dbc","/static/css/main.bbb524df.css.map":"6b69b11bf29fd1167f0e1dd8260ef12adb212c7faf15f64464b8336f877b0c38","/static/js/787.28cb0dcd.chunk.js":"b72129aadef2b1cce5f847b935b4b58bca879c736479ede4c4e80bccf03f82a0","/static/js/787.28cb0dcd.chunk.js.map":"7f861e631c0bfc95128bc71fc8bd95a1dbdfe31dc0d8d063e60464968cf1c800","/static/js/main.dc38d8f1.js":"9ceb4f1428588e8afe01a75f06b732802fb1a8407da00d278149037a2ce96d6d","/static/js/main.dc38d8f1.js.LICENSE.txt":"0b3b7dcda06be30259b8b6395db3a841ec01255f09f7ac37a315dafd46236127","/static/js/main.dc38d8f1.js.map":"16c3b252bcb964ce6546680a0c6b7adf6691257b97decfa5823a1759b209da04","/static/media/spider.4f7c72ef4b7d59565e52.jpg":"007fb5387da4163798787a7940f18a79c6ff2732fb1e7dae2868abbf39f9c2d3"}}
[debug] [2023-02-23T09:52:15.189Z] <<< [apiv2][status] POST https://firebasehosting.googleapis.com/v1beta1/projects/986085630110/sites/marvel-59d65/versions/3f8a63625a2272d0:populateFiles 200
[debug] [2023-02-23T09:52:15.189Z] <<< [apiv2][body] POST https://firebasehosting.googleapis.com/v1beta1/projects/986085630110/sites/marvel-59d65/versions/3f8a63625a2272d0:populateFiles {"uploadUrl":"https://upload-firebasehosting.googleapis.com/upload/sites/marvel-59d65/versions/3f8a63625a2272d0/files"}
[debug] [2023-02-23T09:52:15.189Z] [hosting][populate queue][FINAL] {"max":1304,"min":1304,"avg":1304,"active":0,"complete":1,"success":1,"errored":0,"retried":0,"total":1,"elapsed":1304}
[debug] [2023-02-23T09:52:15.189Z] [hosting] uploads queued: 0
[debug] [2023-02-23T09:52:15.189Z] [hosting][upload queue][FINAL] {"max":0,"min":9999999999,"avg":0,"active":0,"complete":0,"success":0,"errored":0,"retried":0,"total":0,"elapsed":1677145935189}
[info] +  hosting[marvel-59d65]: file upload complete 
[debug] [2023-02-23T09:52:15.191Z] [hosting] deploy completed after 1324ms
[debug] [2023-02-23T09:52:15.192Z] [
  {
    "config": {
      "public": "build",
      "ignore": [
        "firebase.json",
        "**/.*",
        "**/node_modules/**"
      ],
      "site": "marvel-59d65"
    },
    "version": "projects/986085630110/sites/marvel-59d65/versions/3f8a63625a2272d0"
  }
]
[info] i  hosting[marvel-59d65]: finalizing version... 
[debug] [2023-02-23T09:52:15.196Z] >>> [apiv2][query] PATCH https://firebasehosting.googleapis.com/v1beta1/projects/-/sites/marvel-59d65/versions/3f8a63625a2272d0 updateMask=status%2Cconfig
[debug] [2023-02-23T09:52:15.196Z] >>> [apiv2][body] PATCH https://firebasehosting.googleapis.com/v1beta1/projects/-/sites/marvel-59d65/versions/3f8a63625a2272d0 {"status":"FINALIZED","config":{}}
